# JRE version: Java(TM) SE Runtime Environment (8.0_191-b12) (build 1.8.0_191-b12)
# Java VM: Java HotSpot(TM) 64-Bit Server VM (25.191-b12 mixed mode windows-amd64 compressed oops)
Heap:
 PSYoungGen      total 1370112K, used 509144K [0x000000076b800000, 0x00000007c0000000, 0x00000007c0000000)
  eden space 1356288K, 36% used [0x000000076b800000,0x0000000789bbaa60,0x00000007be480000)
  from space 13824K, 99% used [0x00000007be480000,0x00000007bf1fb6f0,0x00000007bf200000)
  to   space 14336K, 0% used [0x00000007bf200000,0x00000007bf200000,0x00000007c0000000)
 ParOldGen       total 235520K, used 133927K [0x00000006c2800000, 0x00000006d0e00000, 0x000000076b800000)
  object space 235520K, 56% used [0x00000006c2800000,0x00000006caac9c58,0x00000006d0e00000)
 Metaspace       used 48568K, capacity 51080K, committed 51456K, reserved 1093632K
  class space    used 6071K, capacity 7087K, committed 7168K, reserved 1048576K
GC Heap History (10 events):
Event: 9.683 GC heap before
{Heap before GC invocations=23 (full 2):
 PSYoungGen      total 1370624K, used 1361344K [0x000000076b800000, 0x00000007bff80000, 0x00000007c0000000)
  eden space 1358336K, 100% used [0x000000076b800000,0x00000007be680000,0x00000007be680000)
  from space 12288K, 24% used [0x00000007bf280000,0x00000007bf570000,0x00000007bfe80000)
  to   space 12288K, 0% used [0x00000007be680000,0x00000007be680000,0x00000007bf280000)
 ParOldGen       total 235520K, used 46395K [0x00000006c2800000, 0x00000006d0e00000, 0x000000076b800000)
  object space 235520K, 19% used [0x00000006c2800000,0x00000006c554ed98,0x00000006d0e00000)
 Metaspace       used 40434K, capacity 42744K, committed 42880K, reserved 1085440K
  class space    used 5003K, capacity 5969K, committed 6016K, reserved 1048576K
Event: 9.692 GC heap after
Heap after GC invocations=23 (full 2):
 PSYoungGen      total 1370624K, used 12137K [0x000000076b800000, 0x00000007c0000000, 0x00000007c0000000)
  eden space 1358336K, 0% used [0x000000076b800000,0x000000076b800000,0x00000007be680000)
  from space 12288K, 98% used [0x00000007be680000,0x00000007bf25a5f0,0x00000007bf280000)
  to   space 13824K, 0% used [0x00000007bf280000,0x00000007bf280000,0x00000007c0000000)
 ParOldGen       total 235520K, used 48363K [0x00000006c2800000, 0x00000006d0e00000, 0x000000076b800000)
  object space 235520K, 20% used [0x00000006c2800000,0x00000006c573ad98,0x00000006d0e00000)
 Metaspace       used 40434K, capacity 42744K, committed 42880K, reserved 1085440K
  class space    used 5003K, capacity 5969K, committed 6016K, reserved 1048576K
}
Event: 9.769 GC heap before
{Heap before GC invocations=24 (full 2):
 PSYoungGen      total 1370624K, used 1370473K [0x000000076b800000, 0x00000007c0000000, 0x00000007c0000000)
  eden space 1358336K, 100% used [0x000000076b800000,0x00000007be680000,0x00000007be680000)
  from space 12288K, 98% used [0x00000007be680000,0x00000007bf25a5f0,0x00000007bf280000)
  to   space 13824K, 0% used [0x00000007bf280000,0x00000007bf280000,0x00000007c0000000)
 ParOldGen       total 235520K, used 48363K [0x00000006c2800000, 0x00000006d0e00000, 0x000000076b800000)
  object space 235520K, 20% used [0x00000006c2800000,0x00000006c573ad98,0x00000006d0e00000)
 Metaspace       used 40439K, capacity 42744K, committed 42880K, reserved 1085440K
  class space    used 5003K, capacity 5969K, committed 6016K, reserved 1048576K
Event: 9.777 GC heap after
Heap after GC invocations=24 (full 2):
 PSYoungGen      total 1369600K, used 544K [0x000000076b800000, 0x00000007c0000000, 0x00000007c0000000)
  eden space 1355776K, 0% used [0x000000076b800000,0x000000076b800000,0x00000007be400000)
  from space 13824K, 3% used [0x00000007bf280000,0x00000007bf308000,0x00000007c0000000)
  to   space 14336K, 0% used [0x00000007be400000,0x00000007be400000,0x00000007bf200000)
 ParOldGen       total 235520K, used 58400K [0x00000006c2800000, 0x00000006d0e00000, 0x000000076b800000)
  object space 235520K, 24% used [0x00000006c2800000,0x00000006c6108128,0x00000006d0e00000)
 Metaspace       used 40439K, capacity 42744K, committed 42880K, reserved 1085440K
  class space    used 5003K, capacity 5969K, committed 6016K, reserved 1048576K
}
Event: 9.830 GC heap before
{Heap before GC invocations=25 (full 2):
 PSYoungGen      total 1369600K, used 1356320K [0x000000076b800000, 0x00000007c0000000, 0x00000007c0000000)
  eden space 1355776K, 100% used [0x000000076b800000,0x00000007be400000,0x00000007be400000)
  from space 13824K, 3% used [0x00000007bf280000,0x00000007bf308000,0x00000007c0000000)
  to   space 14336K, 0% used [0x00000007be400000,0x00000007be400000,0x00000007bf200000)
 ParOldGen       total 235520K, used 58400K [0x00000006c2800000, 0x00000006d0e00000, 0x000000076b800000)
  object space 235520K, 24% used [0x00000006c2800000,0x00000006c6108128,0x00000006d0e00000)
 Metaspace       used 40439K, capacity 42744K, committed 42880K, reserved 1085440K
  class space    used 5003K, capacity 5969K, committed 6016K, reserved 1048576K
Event: 9.832 GC heap after
Heap after GC invocations=25 (full 2):
 PSYoungGen      total 1370112K, used 416K [0x000000076b800000, 0x00000007bff80000, 0x00000007c0000000)
  eden space 1355776K, 0% used [0x000000076b800000,0x000000076b800000,0x00000007be400000)
  from space 14336K, 2% used [0x00000007be400000,0x00000007be468000,0x00000007bf200000)
  to   space 13824K, 0% used [0x00000007bf200000,0x00000007bf200000,0x00000007bff80000)
 ParOldGen       total 235520K, used 58424K [0x00000006c2800000, 0x00000006d0e00000, 0x000000076b800000)
  object space 235520K, 24% used [0x00000006c2800000,0x00000006c610e128,0x00000006d0e00000)
 Metaspace       used 40439K, capacity 42744K, committed 42880K, reserved 1085440K
  class space    used 5003K, capacity 5969K, committed 6016K, reserved 1048576K
}
Event: 9.869 GC heap before
{Heap before GC invocations=26 (full 2):
 PSYoungGen      total 1370112K, used 1356192K [0x000000076b800000, 0x00000007bff80000, 0x00000007c0000000)
  eden space 1355776K, 100% used [0x000000076b800000,0x00000007be400000,0x00000007be400000)
  from space 14336K, 2% used [0x00000007be400000,0x00000007be468000,0x00000007bf200000)
  to   space 13824K, 0% used [0x00000007bf200000,0x00000007bf200000,0x00000007bff80000)
 ParOldGen       total 235520K, used 58424K [0x00000006c2800000, 0x00000006d0e00000, 0x000000076b800000)
  object space 235520K, 24% used [0x00000006c2800000,0x00000006c610e128,0x00000006d0e00000)
 Metaspace       used 40439K, capacity 42744K, committed 42880K, reserved 1085440K
  class space    used 5003K, capacity 5969K, committed 6016K, reserved 1048576K
Event: 9.871 GC heap after
Heap after GC invocations=26 (full 2):
 PSYoungGen      total 1370112K, used 384K [0x000000076b800000, 0x00000007bff80000, 0x00000007c0000000)
  eden space 1356288K, 0% used [0x000000076b800000,0x000000076b800000,0x00000007be480000)
  from space 13824K, 2% used [0x00000007bf200000,0x00000007bf260000,0x00000007bff80000)
  to   space 13824K, 0% used [0x00000007be480000,0x00000007be480000,0x00000007bf200000)
 ParOldGen       total 235520K, used 58448K [0x00000006c2800000, 0x00000006d0e00000, 0x000000076b800000)
  object space 235520K, 24% used [0x00000006c2800000,0x00000006c6114128,0x00000006d0e00000)
 Metaspace       used 40439K, capacity 42744K, committed 42880K, reserved 1085440K
  class space    used 5003K, capacity 5969K, committed 6016K, reserved 1048576K
}
Event: 12.935 GC heap before
{Heap before GC invocations=27 (full 2):
 PSYoungGen      total 1370112K, used 1341152K [0x000000076b800000, 0x00000007bff80000, 0x00000007c0000000)
  eden space 1356288K, 98% used [0x000000076b800000,0x00000007bd5580d8,0x00000007be480000)
  from space 13824K, 2% used [0x00000007bf200000,0x00000007bf260000,0x00000007bff80000)
  to   space 13824K, 0% used [0x00000007be480000,0x00000007be480000,0x00000007bf200000)
 ParOldGen       total 235520K, used 58448K [0x00000006c2800000, 0x00000006d0e00000, 0x000000076b800000)
  object space 235520K, 24% used [0x00000006c2800000,0x00000006c6114128,0x00000006d0e00000)
 Metaspace       used 47331K, capacity 49886K, committed 50048K, reserved 1091584K
  class space    used 5985K, capacity 7016K, committed 7040K, reserved 1048576K
Event: 12.977 GC heap after
Heap after GC invocations=27 (full 2):
 PSYoungGen      total 1370112K, used 13805K [0x000000076b800000, 0x00000007c0000000, 0x00000007c0000000)
  eden space 1356288K, 0% used [0x000000076b800000,0x000000076b800000,0x00000007be480000)
  from space 13824K, 99% used [0x00000007be480000,0x00000007bf1fb6f0,0x00000007bf200000)
  to   space 14336K, 0% used [0x00000007bf200000,0x00000007bf200000,0x00000007c0000000)
 ParOldGen       total 235520K, used 133927K [0x00000006c2800000, 0x00000006d0e00000, 0x000000076b800000)
  object space 235520K, 56% used [0x00000006c2800000,0x00000006caac9c58,0x00000006d0e00000)
 Metaspace       used 47331K, capacity 49886K, committed 50048K, reserved 1091584K
  class space    used 5985K, capacity 7016K, committed 7040K, reserved 1048576K
}

